[0.586s] Invoking command in '/home/drew/repos/IntroRobotics/hw/hw2/assignment2': PYTHONPATH=/home/drew/repos/IntroRobotics/hw/hw2/build/assignment2/prefix_override:/usr/lib/python3/dist-packages/colcon_core/task/python/colcon_distutils_commands:/home/drew/repos/IntroRobotics/hw/hw2/install/assignment2/lib/python3.10/site-packages:${PYTHONPATH} /usr/bin/python3 -W ignore:setup.py install is deprecated setup.py egg_info --egg-base ../build/assignment2 build --build-base /home/drew/repos/IntroRobotics/hw/hw2/build/assignment2/build install --record /home/drew/repos/IntroRobotics/hw/hw2/build/assignment2/install.log --install-scripts $base/lib/assignment2 --single-version-externally-managed install_data
[0.785s] /usr/lib/python3/dist-packages/setuptools/dist.py:723: UserWarning: Usage of dash-separated 'script-dir' will not be supported in future versions. Please use the underscore name 'script_dir' instead
[0.785s]   warnings.warn(
[0.791s] running egg_info
[0.791s] creating ../build/assignment2/assignment2.egg-info
[0.791s] writing ../build/assignment2/assignment2.egg-info/PKG-INFO
[0.791s] writing dependency_links to ../build/assignment2/assignment2.egg-info/dependency_links.txt
[0.791s] writing entry points to ../build/assignment2/assignment2.egg-info/entry_points.txt
[0.791s] writing requirements to ../build/assignment2/assignment2.egg-info/requires.txt
[0.791s] writing top-level names to ../build/assignment2/assignment2.egg-info/top_level.txt
[0.792s] writing manifest file '../build/assignment2/assignment2.egg-info/SOURCES.txt'
[0.793s] reading manifest file '../build/assignment2/assignment2.egg-info/SOURCES.txt'
[0.793s] writing manifest file '../build/assignment2/assignment2.egg-info/SOURCES.txt'
[0.793s] running build
[0.793s] running build_py
[0.793s] creating /home/drew/repos/IntroRobotics/hw/hw2/build/assignment2/build
[0.793s] creating /home/drew/repos/IntroRobotics/hw/hw2/build/assignment2/build/lib
[0.793s] creating /home/drew/repos/IntroRobotics/hw/hw2/build/assignment2/build/lib/assignment2
[0.793s] copying assignment2/dummy_object_detector.py -> /home/drew/repos/IntroRobotics/hw/hw2/build/assignment2/build/lib/assignment2
[0.794s] copying assignment2/coordinates.py -> /home/drew/repos/IntroRobotics/hw/hw2/build/assignment2/build/lib/assignment2
[0.794s] copying assignment2/__init__.py -> /home/drew/repos/IntroRobotics/hw/hw2/build/assignment2/build/lib/assignment2
[0.794s] copying assignment2/assignment2.py -> /home/drew/repos/IntroRobotics/hw/hw2/build/assignment2/build/lib/assignment2
[0.794s] running install
[0.794s] running install_lib
[0.794s] creating /home/drew/repos/IntroRobotics/hw/hw2/install/assignment2/lib/python3.10/site-packages/assignment2
[0.794s] copying /home/drew/repos/IntroRobotics/hw/hw2/build/assignment2/build/lib/assignment2/dummy_object_detector.py -> /home/drew/repos/IntroRobotics/hw/hw2/install/assignment2/lib/python3.10/site-packages/assignment2
[0.795s] copying /home/drew/repos/IntroRobotics/hw/hw2/build/assignment2/build/lib/assignment2/coordinates.py -> /home/drew/repos/IntroRobotics/hw/hw2/install/assignment2/lib/python3.10/site-packages/assignment2
[0.795s] copying /home/drew/repos/IntroRobotics/hw/hw2/build/assignment2/build/lib/assignment2/__init__.py -> /home/drew/repos/IntroRobotics/hw/hw2/install/assignment2/lib/python3.10/site-packages/assignment2
[0.795s] copying /home/drew/repos/IntroRobotics/hw/hw2/build/assignment2/build/lib/assignment2/assignment2.py -> /home/drew/repos/IntroRobotics/hw/hw2/install/assignment2/lib/python3.10/site-packages/assignment2
[0.795s] byte-compiling /home/drew/repos/IntroRobotics/hw/hw2/install/assignment2/lib/python3.10/site-packages/assignment2/dummy_object_detector.py to dummy_object_detector.cpython-310.pyc
[0.795s] byte-compiling /home/drew/repos/IntroRobotics/hw/hw2/install/assignment2/lib/python3.10/site-packages/assignment2/coordinates.py to coordinates.cpython-310.pyc
[0.796s] byte-compiling /home/drew/repos/IntroRobotics/hw/hw2/install/assignment2/lib/python3.10/site-packages/assignment2/__init__.py to __init__.cpython-310.pyc
[0.796s] byte-compiling /home/drew/repos/IntroRobotics/hw/hw2/install/assignment2/lib/python3.10/site-packages/assignment2/assignment2.py to assignment2.cpython-310.pyc
[0.796s] running install_data
[0.796s] creating /home/drew/repos/IntroRobotics/hw/hw2/install/assignment2/share/ament_index
[0.796s] creating /home/drew/repos/IntroRobotics/hw/hw2/install/assignment2/share/ament_index/resource_index
[0.797s] creating /home/drew/repos/IntroRobotics/hw/hw2/install/assignment2/share/ament_index/resource_index/packages
[0.797s] copying resource/assignment2 -> /home/drew/repos/IntroRobotics/hw/hw2/install/assignment2/share/ament_index/resource_index/packages
[0.797s] copying package.xml -> /home/drew/repos/IntroRobotics/hw/hw2/install/assignment2/share/assignment2
[0.797s] copying launch/assignment2.launch.py -> /home/drew/repos/IntroRobotics/hw/hw2/install/assignment2/share/assignment2
[0.797s] copying launch/test.launch.py -> /home/drew/repos/IntroRobotics/hw/hw2/install/assignment2/share/assignment2
[0.797s] creating /home/drew/repos/IntroRobotics/hw/hw2/install/assignment2/share/assignment2/launch
[0.797s] copying launch/single_rrbot.urdf -> /home/drew/repos/IntroRobotics/hw/hw2/install/assignment2/share/assignment2/launch
[0.797s] running install_egg_info
[0.798s] Copying ../build/assignment2/assignment2.egg-info to /home/drew/repos/IntroRobotics/hw/hw2/install/assignment2/lib/python3.10/site-packages/assignment2-0.0.0-py3.10.egg-info
[0.799s] running install_scripts
[0.813s] Installing coordinates script to /home/drew/repos/IntroRobotics/hw/hw2/install/assignment2/lib/assignment2
[0.813s] Installing dummy_object_detector script to /home/drew/repos/IntroRobotics/hw/hw2/install/assignment2/lib/assignment2
[0.813s] writing list of installed files to '/home/drew/repos/IntroRobotics/hw/hw2/build/assignment2/install.log'
[0.830s] Invoked command in '/home/drew/repos/IntroRobotics/hw/hw2/assignment2' returned '0': PYTHONPATH=/home/drew/repos/IntroRobotics/hw/hw2/build/assignment2/prefix_override:/usr/lib/python3/dist-packages/colcon_core/task/python/colcon_distutils_commands:/home/drew/repos/IntroRobotics/hw/hw2/install/assignment2/lib/python3.10/site-packages:${PYTHONPATH} /usr/bin/python3 -W ignore:setup.py install is deprecated setup.py egg_info --egg-base ../build/assignment2 build --build-base /home/drew/repos/IntroRobotics/hw/hw2/build/assignment2/build install --record /home/drew/repos/IntroRobotics/hw/hw2/build/assignment2/install.log --install-scripts $base/lib/assignment2 --single-version-externally-managed install_data
