[0.487s] Invoking command in '/home/drew/repos/IntroRobotics/midterm/en613_control': PYTHONPATH=/home/drew/repos/IntroRobotics/midterm/en613_control/build/en613_control/prefix_override:/usr/lib/python3/dist-packages/colcon_core/task/python/colcon_distutils_commands:/home/drew/repos/IntroRobotics/midterm/en613_control/install/en613_control/lib/python3.10/site-packages:${PYTHONPATH} /usr/bin/python3 -W ignore:setup.py install is deprecated setup.py egg_info --egg-base build/en613_control build --build-base /home/drew/repos/IntroRobotics/midterm/en613_control/build/en613_control/build install --record /home/drew/repos/IntroRobotics/midterm/en613_control/build/en613_control/install.log --single-version-externally-managed install_data
[0.679s] running egg_info
[0.679s] writing build/en613_control/en613_control.egg-info/PKG-INFO
[0.680s] writing dependency_links to build/en613_control/en613_control.egg-info/dependency_links.txt
[0.680s] writing entry points to build/en613_control/en613_control.egg-info/entry_points.txt
[0.680s] writing requirements to build/en613_control/en613_control.egg-info/requires.txt
[0.680s] writing top-level names to build/en613_control/en613_control.egg-info/top_level.txt
[0.681s] reading manifest file 'build/en613_control/en613_control.egg-info/SOURCES.txt'
[0.681s] adding license file 'LICENSE'
[0.681s] writing manifest file 'build/en613_control/en613_control.egg-info/SOURCES.txt'
[0.682s] running build
[0.682s] running build_py
[0.682s] running install
[0.682s] running install_lib
[0.683s] running install_data
[0.683s] copying urdf/basic_robot.urdf -> /home/drew/repos/IntroRobotics/midterm/en613_control/install/en613_control/share/en613_control/urdf
[0.683s] running install_egg_info
[0.684s] removing '/home/drew/repos/IntroRobotics/midterm/en613_control/install/en613_control/lib/python3.10/site-packages/en613_control-0.0.0-py3.10.egg-info' (and everything under it)
[0.684s] Copying build/en613_control/en613_control.egg-info to /home/drew/repos/IntroRobotics/midterm/en613_control/install/en613_control/lib/python3.10/site-packages/en613_control-0.0.0-py3.10.egg-info
[0.685s] running install_scripts
[0.698s] writing list of installed files to '/home/drew/repos/IntroRobotics/midterm/en613_control/build/en613_control/install.log'
[0.713s] Invoked command in '/home/drew/repos/IntroRobotics/midterm/en613_control' returned '0': PYTHONPATH=/home/drew/repos/IntroRobotics/midterm/en613_control/build/en613_control/prefix_override:/usr/lib/python3/dist-packages/colcon_core/task/python/colcon_distutils_commands:/home/drew/repos/IntroRobotics/midterm/en613_control/install/en613_control/lib/python3.10/site-packages:${PYTHONPATH} /usr/bin/python3 -W ignore:setup.py install is deprecated setup.py egg_info --egg-base build/en613_control build --build-base /home/drew/repos/IntroRobotics/midterm/en613_control/build/en613_control/build install --record /home/drew/repos/IntroRobotics/midterm/en613_control/build/en613_control/install.log --single-version-externally-managed install_data
