[0.000000] (-) TimerEvent: {}
[0.000176] (assignment2) JobQueued: {'identifier': 'assignment2', 'dependencies': OrderedDict()}
[0.000260] (assignment2) JobStarted: {'identifier': 'assignment2'}
[0.099567] (-) TimerEvent: {}
[0.199786] (-) TimerEvent: {}
[0.300013] (-) TimerEvent: {}
[0.400234] (-) TimerEvent: {}
[0.465873] (assignment2) Command: {'cmd': ['/usr/bin/python3', '-W', 'ignore:setup.py install is deprecated', 'setup.py', 'egg_info', '--egg-base', '../build/assignment2', 'build', '--build-base', '/home/drew/repos/IntroRobotics/hw/hw2/build/assignment2/build', 'install', '--record', '/home/drew/repos/IntroRobotics/hw/hw2/build/assignment2/install.log', '--install-scripts', '$base/lib/assignment2', '--single-version-externally-managed', 'install_data'], 'cwd': '/home/drew/repos/IntroRobotics/hw/hw2/assignment2', 'env': {'TMUX': '/tmp/tmux-1000/default,24242,3', 'USER': 'drew', 'MATHEMATICA_HOME': '/usr/local/Wolfram/Mathematica/12.3', 'XDG_SESSION_TYPE': 'x11', 'LD_LIBRARY_PATH': '/home/drew/workspace/catkin/turtlebot3_ws/install/turtlebot3_msgs/lib:/home/drew/workspace/catkin/turtlebot3_ws/install/dynamixel_sdk_custom_interfaces/lib:/home/drew/workspace/catkin/turtlebot3_ws/install/dynamixel_sdk/lib:/usr/lib/x86_64-linux-gnu/gazebo-11/plugins:/opt/ros/humble/opt/rviz_ogre_vendor/lib:/opt/ros/humble/lib/x86_64-linux-gnu:/opt/ros/humble/lib', 'SHLVL': '2', 'HOME': '/home/drew', 'LESS': '-R', 'OLDPWD': '/home/drew/repos/IntroRobotics/hw/hw2', 'DESKTOP_SESSION': 'ubuntu', 'TERM_PROGRAM_VERSION': '3.2a', 'LSCOLORS': 'Gxfxcxdxbxegedabagacad', 'ZSH': '/home/drew/.oh-my-zsh', 'GNOME_SHELL_SESSION_MODE': 'ubuntu', 'GTK_MODULES': 'gail:atk-bridge', 'PAGER': 'less', 'ROS_PYTHON_VERSION': '3', 'MANAGERPID': '1919', 'DBUS_SESSION_BUS_ADDRESS': 'unix:path=/run/user/1000/bus', 'SYSTEMD_EXEC_PID': '2413', 'COLORTERM': 'truecolor', 'GIO_LAUNCHED_DESKTOP_FILE_PID': '17195', 'COLCON_PREFIX_PATH': '/home/drew/workspace/catkin/turtlebot3_ws/install', 'MANDATORY_PATH': '/usr/share/gconf/ubuntu.mandatory.path', 'ROS_DISTRO': 'humble', 'ALACRITTY_SOCKET': '/run/user/1000/Alacritty-:1-17195.sock', 'GTK_IM_MODULE': 'ibus', 'LOGNAME': 'drew', 'JOURNAL_STREAM': '8:6770', 'WINDOWID': '37748740', '_': '/usr/bin/colcon', 'DEFAULTS_PATH': '/usr/share/gconf/ubuntu.default.path', 'ROS_VERSION': '2', 'XDG_SESSION_CLASS': 'user', 'ALACRITTY_LOG': '/tmp/Alacritty-17195.log', 'GAZEBO_MODEL_PATH': ':/home/drew/workspace/catkin/turtlebot3_ws/src/turtlebot3/turtlebot3_simulations/turtlebot3_gazebo/models/:/home/drew/workspace/catkin/turtlebot3_ws/src/turtlebot3/turtlebot3_simulations/turtlebot3_gazebo/models/', 'TERM': 'alacritty', 'USERNAME': 'drew', 'GNOME_DESKTOP_SESSION_ID': 'this-is-deprecated', 'ROS_LOCALHOST_ONLY': '0', 'WINDOWPATH': '2', 'PATH': '/home/drew/bin:/usr/local/bin:/usr/local/MATLAB:/opt/ros/humble/bin:/home/drew/bin:/usr/local/bin:/usr/local/MATLAB:/home/drew/.cargo/bin:/home/drew/.local/bin:/usr/local/sbin:/usr/local/bin:/usr/sbin:/usr/bin:/sbin:/bin:/usr/games:/usr/local/games:/snap/bin:/snap/bin:/opt/nvim-linux64/share/nvim/:/opt/nvim-linux64/share/nvim/', 'INVOCATION_ID': '6486431f788841cab05784bc50c709d3', 'SESSION_MANAGER': 'local/drew-PC:@/tmp/.ICE-unix/2164,unix/drew-PC:/tmp/.ICE-unix/2164', 'XDG_MENU_PREFIX': 'gnome-', 'XDG_RUNTIME_DIR': '/run/user/1000', 'DISPLAY': ':1', 'LANG': 'en_US.UTF-8', 'XDG_CURRENT_DESKTOP': 'ubuntu:GNOME', 'LS_COLORS': '', 'TERM_PROGRAM': 'tmux', 'XAUTHORITY': '/run/user/1000/gdm/Xauthority', 'XDG_SESSION_DESKTOP': 'ubuntu', 'XMODIFIERS': '@im=ibus', 'AMENT_PREFIX_PATH': '/home/drew/workspace/catkin/turtlebot3_ws/install/turtlebot3:/home/drew/workspace/catkin/turtlebot3_ws/install/turtlebot3_teleop:/home/drew/workspace/catkin/turtlebot3_ws/install/turtlebot3_simulations:/home/drew/workspace/catkin/turtlebot3_ws/install/turtlebot3_bringup:/home/drew/workspace/catkin/turtlebot3_ws/install/turtlebot3_node:/home/drew/workspace/catkin/turtlebot3_ws/install/turtlebot3_navigation2:/home/drew/workspace/catkin/turtlebot3_ws/install/turtlebot3_fake_node:/home/drew/workspace/catkin/turtlebot3_ws/install/turtlebot3_example:/home/drew/workspace/catkin/turtlebot3_ws/install/turtlebot3_msgs:/home/drew/workspace/catkin/turtlebot3_ws/install/turtlebot3_gazebo:/home/drew/workspace/catkin/turtlebot3_ws/install/turtlebot3_description:/home/drew/workspace/catkin/turtlebot3_ws/install/turtlebot3_cartographer:/home/drew/workspace/catkin/turtlebot3_ws/install/ld08_driver:/home/drew/workspace/catkin/turtlebot3_ws/install/hls_lfcd_lds_driver:/home/drew/workspace/catkin/turtlebot3_ws/install/dynamixel_sdk_examples:/home/drew/workspace/catkin/turtlebot3_ws/install/dynamixel_sdk_custom_interfaces:/home/drew/workspace/catkin/turtlebot3_ws/install/dynamixel_sdk:/opt/ros/humble', 'SSH_AGENT_LAUNCHER': 'gnome-keyring', 'SSH_AUTH_SOCK': '/run/user/1000/keyring/ssh', 'SHELL': '/usr/bin/zsh', 'GDMSESSION': 'ubuntu', 'QT_ACCESSIBILITY': '1', 'GPG_AGENT_INFO': '/run/user/1000/gnupg/S.gpg-agent:0:1', 'ALACRITTY_WINDOW_ID': '37748740', 'QT_IM_MODULE': 'ibus', 'PWD': '/home/drew/repos/IntroRobotics/hw/hw2/build/assignment2', 'TURTLEBOT3_MODEL': 'waffle_pi', 'XDG_CONFIG_DIRS': '/etc/xdg/xdg-ubuntu:/etc/xdg', 'XDG_DATA_DIRS': '/usr/share/ubuntu:/usr/share/gnome:/usr/local/share/:/usr/share/:/var/lib/snapd/desktop', 'PYTHONPATH': '/home/drew/repos/IntroRobotics/hw/hw2/build/assignment2/prefix_override:/usr/lib/python3/dist-packages/colcon_core/task/python/colcon_distutils_commands:/home/drew/repos/IntroRobotics/hw/hw2/install/assignment2/lib/python3.10/site-packages:/home/drew/workspace/catkin/turtlebot3_ws/build/turtlebot3_teleop:/home/drew/workspace/catkin/turtlebot3_ws/install/turtlebot3_teleop/lib/python3.10/site-packages:/home/drew/workspace/catkin/turtlebot3_ws/build/turtlebot3_example:/home/drew/workspace/catkin/turtlebot3_ws/install/turtlebot3_example/lib/python3.10/site-packages:/home/drew/workspace/catkin/turtlebot3_ws/install/turtlebot3_msgs/local/lib/python3.10/dist-packages:/home/drew/workspace/catkin/turtlebot3_ws/install/dynamixel_sdk_custom_interfaces/local/lib/python3.10/dist-packages:/opt/ros/humble/lib/python3.10/site-packages:/opt/ros/humble/local/lib/python3.10/dist-packages', 'TMUX_PLUGIN_MANAGER_PATH': '/home/drew/.config/tmux/plugins/', 'COLCON': '1', 'TMUX_PANE': '%9', 'CMAKE_PREFIX_PATH': '/home/drew/workspace/catkin/turtlebot3_ws/install/turtlebot3:/home/drew/workspace/catkin/turtlebot3_ws/install/turtlebot3_simulations:/home/drew/workspace/catkin/turtlebot3_ws/install/turtlebot3_bringup:/home/drew/workspace/catkin/turtlebot3_ws/install/turtlebot3_node:/home/drew/workspace/catkin/turtlebot3_ws/install/turtlebot3_navigation2:/home/drew/workspace/catkin/turtlebot3_ws/install/turtlebot3_fake_node:/home/drew/workspace/catkin/turtlebot3_ws/install/turtlebot3_msgs:/home/drew/workspace/catkin/turtlebot3_ws/install/turtlebot3_gazebo:/home/drew/workspace/catkin/turtlebot3_ws/install/turtlebot3_description:/home/drew/workspace/catkin/turtlebot3_ws/install/turtlebot3_cartographer:/home/drew/workspace/catkin/turtlebot3_ws/install/ld08_driver:/home/drew/workspace/catkin/turtlebot3_ws/install/hls_lfcd_lds_driver:/home/drew/workspace/catkin/turtlebot3_ws/install/dynamixel_sdk_examples:/home/drew/workspace/catkin/turtlebot3_ws/install/dynamixel_sdk_custom_interfaces:/home/drew/workspace/catkin/turtlebot3_ws/install/dynamixel_sdk', 'EDITOR': 'nvim'}, 'shell': False}
[0.500302] (-) TimerEvent: {}
[0.600486] (-) TimerEvent: {}
[0.650555] (assignment2) StderrLine: {'line': b"/usr/lib/python3/dist-packages/setuptools/dist.py:723: UserWarning: Usage of dash-separated 'script-dir' will not be supported in future versions. Please use the underscore name 'script_dir' instead\n"}
[0.650718] (assignment2) StderrLine: {'line': b'  warnings.warn(\n'}
[0.655611] (assignment2) StdoutLine: {'line': b'running egg_info\n'}
[0.656072] (assignment2) StdoutLine: {'line': b'writing ../build/assignment2/assignment2.egg-info/PKG-INFO\n'}
[0.656226] (assignment2) StdoutLine: {'line': b'writing dependency_links to ../build/assignment2/assignment2.egg-info/dependency_links.txt\n'}
[0.656329] (assignment2) StdoutLine: {'line': b'writing entry points to ../build/assignment2/assignment2.egg-info/entry_points.txt\n'}
[0.656408] (assignment2) StdoutLine: {'line': b'writing requirements to ../build/assignment2/assignment2.egg-info/requires.txt\n'}
[0.656466] (assignment2) StdoutLine: {'line': b'writing top-level names to ../build/assignment2/assignment2.egg-info/top_level.txt\n'}
[0.657539] (assignment2) StdoutLine: {'line': b"reading manifest file '../build/assignment2/assignment2.egg-info/SOURCES.txt'\n"}
[0.658092] (assignment2) StdoutLine: {'line': b"writing manifest file '../build/assignment2/assignment2.egg-info/SOURCES.txt'\n"}
[0.658158] (assignment2) StdoutLine: {'line': b'running build\n'}
[0.658209] (assignment2) StdoutLine: {'line': b'running build_py\n'}
[0.658420] (assignment2) StdoutLine: {'line': b'running install\n'}
[0.658592] (assignment2) StdoutLine: {'line': b'running install_lib\n'}
[0.659382] (assignment2) StdoutLine: {'line': b'running install_data\n'}
[0.659517] (assignment2) StdoutLine: {'line': b'running install_egg_info\n'}
[0.660546] (assignment2) StdoutLine: {'line': b"removing '/home/drew/repos/IntroRobotics/hw/hw2/install/assignment2/lib/python3.10/site-packages/assignment2-0.0.0-py3.10.egg-info' (and everything under it)\n"}
[0.660799] (assignment2) StdoutLine: {'line': b'Copying ../build/assignment2/assignment2.egg-info to /home/drew/repos/IntroRobotics/hw/hw2/install/assignment2/lib/python3.10/site-packages/assignment2-0.0.0-py3.10.egg-info\n'}
[0.661419] (assignment2) StdoutLine: {'line': b'running install_scripts\n'}
[0.674226] (assignment2) StdoutLine: {'line': b'Installing coordinates script to /home/drew/repos/IntroRobotics/hw/hw2/install/assignment2/lib/assignment2\n'}
[0.674317] (assignment2) StdoutLine: {'line': b'Installing dummy_object_detector script to /home/drew/repos/IntroRobotics/hw/hw2/install/assignment2/lib/assignment2\n'}
[0.674523] (assignment2) StdoutLine: {'line': b"writing list of installed files to '/home/drew/repos/IntroRobotics/hw/hw2/build/assignment2/install.log'\n"}
[0.687236] (assignment2) CommandEnded: {'returncode': 0}
[0.696666] (assignment2) JobEnded: {'identifier': 'assignment2', 'rc': 0}
[0.697138] (-) EventReactorShutdown: {}
