running egg_info
writing build/en613_control/en613_control.egg-info/PKG-INFO
writing dependency_links to build/en613_control/en613_control.egg-info/dependency_links.txt
writing entry points to build/en613_control/en613_control.egg-info/entry_points.txt
writing requirements to build/en613_control/en613_control.egg-info/requires.txt
writing top-level names to build/en613_control/en613_control.egg-info/top_level.txt
reading manifest file 'build/en613_control/en613_control.egg-info/SOURCES.txt'
adding license file 'LICENSE'
writing manifest file 'build/en613_control/en613_control.egg-info/SOURCES.txt'
running build
running build_py
running install
running install_lib
running install_data
copying urdf/basic_robot.urdf -> /home/drew/repos/IntroRobotics/midterm/en613_control/install/en613_control/share/en613_control/urdf
creating /home/drew/repos/IntroRobotics/midterm/en613_control/install/en613_control/share/en613_control/rviz
copying rviz/config.rviz -> /home/drew/repos/IntroRobotics/midterm/en613_control/install/en613_control/share/en613_control/rviz
running install_egg_info
removing '/home/drew/repos/IntroRobotics/midterm/en613_control/install/en613_control/lib/python3.10/site-packages/en613_control-0.0.0-py3.10.egg-info' (and everything under it)
Copying build/en613_control/en613_control.egg-info to /home/drew/repos/IntroRobotics/midterm/en613_control/install/en613_control/lib/python3.10/site-packages/en613_control-0.0.0-py3.10.egg-info
running install_scripts
writing list of installed files to '/home/drew/repos/IntroRobotics/midterm/en613_control/build/en613_control/install.log'
