[0.084s] DEBUG:colcon:Command line arguments: ['/usr/bin/colcon', 'build', '--packages-select', 'en613_control']
[0.084s] DEBUG:colcon:Parsed command line arguments: Namespace(log_base=None, log_level=None, verb_name='build', build_base='build', install_base='install', merge_install=False, symlink_install=False, test_result_base=None, continue_on_error=False, executor='parallel', parallel_workers=12, event_handlers=None, ignore_user_meta=False, metas=['./colcon.meta'], base_paths=['.'], packages_ignore=None, packages_ignore_regex=None, paths=None, packages_up_to=None, packages_up_to_regex=None, packages_above=None, packages_above_and_dependencies=None, packages_above_depth=None, packages_select_by_dep=None, packages_skip_by_dep=None, packages_skip_up_to=None, packages_select_build_failed=False, packages_skip_build_finished=False, packages_select_test_failures=False, packages_skip_test_passed=False, packages_select=['en613_control'], packages_skip=None, packages_select_regex=None, packages_skip_regex=None, packages_start=None, packages_end=None, allow_overriding=[], cmake_args=None, cmake_target=None, cmake_target_skip_unavailable=False, cmake_clean_cache=False, cmake_clean_first=False, cmake_force_configure=False, ament_cmake_args=None, catkin_cmake_args=None, catkin_skip_building_tests=False, mixin_files=None, mixin=None, verb_parser=<colcon_mixin.mixin.mixin_argument.MixinArgumentDecorator object at 0x7c689e189600>, verb_extension=<colcon_core.verb.build.BuildVerb object at 0x7c689e189030>, main=<bound method BuildVerb.main of <colcon_core.verb.build.BuildVerb object at 0x7c689e189030>>, mixin_verb=('build',))
[0.229s] Level 1:colcon.colcon_core.package_discovery:discover_packages(colcon_meta) check parameters
[0.229s] Level 1:colcon.colcon_core.package_discovery:discover_packages(recursive) check parameters
[0.229s] Level 1:colcon.colcon_core.package_discovery:discover_packages(ignore) check parameters
[0.229s] Level 1:colcon.colcon_core.package_discovery:discover_packages(path) check parameters
[0.229s] Level 1:colcon.colcon_core.package_discovery:discover_packages(colcon_meta) discover
[0.229s] Level 1:colcon.colcon_core.package_discovery:discover_packages(recursive) discover
[0.229s] INFO:colcon.colcon_core.package_discovery:Crawling recursively for packages in '/home/drew/repos/IntroRobotics/midterm/en613_control'
[0.229s] Level 1:colcon.colcon_core.package_identification:_identify(.) by extensions ['ignore', 'ignore_ament_install']
[0.229s] Level 1:colcon.colcon_core.package_identification:_identify(.) by extension 'ignore'
[0.229s] Level 1:colcon.colcon_core.package_identification:_identify(.) by extension 'ignore_ament_install'
[0.229s] Level 1:colcon.colcon_core.package_identification:_identify(.) by extensions ['colcon_pkg']
[0.229s] Level 1:colcon.colcon_core.package_identification:_identify(.) by extension 'colcon_pkg'
[0.229s] Level 1:colcon.colcon_core.package_identification:_identify(.) by extensions ['colcon_meta']
[0.230s] Level 1:colcon.colcon_core.package_identification:_identify(.) by extension 'colcon_meta'
[0.230s] Level 1:colcon.colcon_core.package_identification:_identify(.) by extensions ['ros']
[0.230s] Level 1:colcon.colcon_core.package_identification:_identify(.) by extension 'ros'
[0.248s] DEBUG:colcon.colcon_core.package_identification:Package '.' with type 'ros.ament_python' and name 'en613_control'
[0.248s] Level 1:colcon.colcon_core.package_discovery:discover_packages(recursive) using defaults
[0.248s] Level 1:colcon.colcon_core.package_discovery:discover_packages(ignore) discover
[0.248s] Level 1:colcon.colcon_core.package_discovery:discover_packages(ignore) using defaults
[0.248s] Level 1:colcon.colcon_core.package_discovery:discover_packages(path) discover
[0.248s] Level 1:colcon.colcon_core.package_discovery:discover_packages(path) using defaults
[0.261s] Level 1:colcon.colcon_core.package_discovery:discover_packages(prefix_path) check parameters
[0.261s] Level 1:colcon.colcon_core.package_discovery:discover_packages(prefix_path) discover
[0.263s] DEBUG:colcon.colcon_installed_package_information.package_discovery:Found 1 installed packages in /home/drew/repos/IntroRobotics/midterm/en613_control/install
[0.263s] DEBUG:colcon.colcon_installed_package_information.package_discovery:Found 17 installed packages in /home/drew/workspace/catkin/turtlebot3_ws/install
[0.264s] DEBUG:colcon.colcon_installed_package_information.package_discovery:Found 308 installed packages in /opt/ros/humble
[0.266s] Level 1:colcon.colcon_core.package_discovery:discover_packages(prefix_path) using defaults
[0.293s] Level 5:colcon.colcon_core.verb:set package 'en613_control' build argument 'cmake_args' from command line to 'None'
[0.293s] Level 5:colcon.colcon_core.verb:set package 'en613_control' build argument 'cmake_target' from command line to 'None'
[0.293s] Level 5:colcon.colcon_core.verb:set package 'en613_control' build argument 'cmake_target_skip_unavailable' from command line to 'False'
[0.293s] Level 5:colcon.colcon_core.verb:set package 'en613_control' build argument 'cmake_clean_cache' from command line to 'False'
[0.294s] Level 5:colcon.colcon_core.verb:set package 'en613_control' build argument 'cmake_clean_first' from command line to 'False'
[0.294s] Level 5:colcon.colcon_core.verb:set package 'en613_control' build argument 'cmake_force_configure' from command line to 'False'
[0.294s] Level 5:colcon.colcon_core.verb:set package 'en613_control' build argument 'ament_cmake_args' from command line to 'None'
[0.294s] Level 5:colcon.colcon_core.verb:set package 'en613_control' build argument 'catkin_cmake_args' from command line to 'None'
[0.294s] Level 5:colcon.colcon_core.verb:set package 'en613_control' build argument 'catkin_skip_building_tests' from command line to 'False'
[0.294s] DEBUG:colcon.colcon_core.verb:Building package 'en613_control' with the following arguments: {'ament_cmake_args': None, 'build_base': '/home/drew/repos/IntroRobotics/midterm/en613_control/build/en613_control', 'catkin_cmake_args': None, 'catkin_skip_building_tests': False, 'cmake_args': None, 'cmake_clean_cache': False, 'cmake_clean_first': False, 'cmake_force_configure': False, 'cmake_target': None, 'cmake_target_skip_unavailable': False, 'install_base': '/home/drew/repos/IntroRobotics/midterm/en613_control/install/en613_control', 'merge_install': False, 'path': '/home/drew/repos/IntroRobotics/midterm/en613_control', 'symlink_install': False, 'test_result_base': None}
[0.294s] INFO:colcon.colcon_core.executor:Executing jobs using 'parallel' executor
[0.294s] DEBUG:colcon.colcon_parallel_executor.executor.parallel:run_until_complete
[0.295s] INFO:colcon.colcon_ros.task.ament_python.build:Building ROS package in '/home/drew/repos/IntroRobotics/midterm/en613_control' with build type 'ament_python'
[0.295s] Level 1:colcon.colcon_core.shell:create_environment_hook('en613_control', 'ament_prefix_path')
[0.296s] INFO:colcon.colcon_core.plugin_system:Skipping extension 'colcon_core.shell.bat': Not used on non-Windows systems
[0.296s] INFO:colcon.colcon_core.shell:Creating environment hook '/home/drew/repos/IntroRobotics/midterm/en613_control/install/en613_control/share/en613_control/hook/ament_prefix_path.ps1'
[0.297s] INFO:colcon.colcon_core.shell:Creating environment descriptor '/home/drew/repos/IntroRobotics/midterm/en613_control/install/en613_control/share/en613_control/hook/ament_prefix_path.dsv'
[0.297s] INFO:colcon.colcon_core.shell:Creating environment hook '/home/drew/repos/IntroRobotics/midterm/en613_control/install/en613_control/share/en613_control/hook/ament_prefix_path.sh'
[0.297s] INFO:colcon.colcon_core.shell:Skip shell extension 'powershell' for command environment: Not usable outside of PowerShell
[0.297s] DEBUG:colcon.colcon_core.shell:Skip shell extension 'dsv' for command environment
[0.532s] DEBUG:colcon.colcon_parallel_executor.executor.parallel:closing loop
[0.532s] DEBUG:colcon.colcon_parallel_executor.executor.parallel:loop closed
[0.532s] DEBUG:colcon.colcon_parallel_executor.executor.parallel:run_until_complete finished with 'Command '['/usr/bin/python3', '-c', 'import sys;from contextlib import suppress;exec("with suppress(ImportError):    from setuptools.extern.packaging.specifiers    import SpecifierSet");exec("with suppress(ImportError):    from packaging.specifiers import SpecifierSet");from distutils.core import run_setup;dist = run_setup(    \'setup.py\', script_args=(\'--dry-run\',), stop_after=\'config\');skip_keys = (\'cmdclass\', \'distclass\', \'ext_modules\', \'metadata\');data = {    key: value for key, value in dist.__dict__.items()     if (        not key.startswith(\'_\') and         not callable(value) and         key not in skip_keys and         key not in dist.display_option_names    )};data[\'metadata\'] = {    k: v for k, v in dist.metadata.__dict__.items()     if k not in (\'license_files\', \'provides_extras\')};sys.stdout.buffer.write(repr(data).encode(\'utf-8\'))']' returned non-zero exit status 1.'
[0.532s] DEBUG:colcon.colcon_core.event_reactor:joining thread
[0.536s] INFO:colcon.colcon_core.plugin_system:Skipping extension 'colcon_notification.desktop_notification.terminal_notifier': Not used on non-Darwin systems
[0.537s] INFO:colcon.colcon_core.plugin_system:Skipping extension 'colcon_notification.desktop_notification.win32': Not used on non-Windows systems
[0.537s] INFO:colcon.colcon_notification.desktop_notification:Sending desktop notification using 'notify2'
[0.545s] DEBUG:colcon.colcon_core.event_reactor:joined thread
[0.546s] INFO:colcon.colcon_core.shell:Creating prefix script '/home/drew/repos/IntroRobotics/midterm/en613_control/install/local_setup.ps1'
[0.546s] INFO:colcon.colcon_core.shell:Creating prefix util module '/home/drew/repos/IntroRobotics/midterm/en613_control/install/_local_setup_util_ps1.py'
[0.547s] INFO:colcon.colcon_core.shell:Creating prefix chain script '/home/drew/repos/IntroRobotics/midterm/en613_control/install/setup.ps1'
[0.548s] INFO:colcon.colcon_core.shell:Creating prefix script '/home/drew/repos/IntroRobotics/midterm/en613_control/install/local_setup.sh'
[0.549s] INFO:colcon.colcon_core.shell:Creating prefix util module '/home/drew/repos/IntroRobotics/midterm/en613_control/install/_local_setup_util_sh.py'
[0.549s] INFO:colcon.colcon_core.shell:Creating prefix chain script '/home/drew/repos/IntroRobotics/midterm/en613_control/install/setup.sh'
[0.550s] INFO:colcon.colcon_core.shell:Creating prefix script '/home/drew/repos/IntroRobotics/midterm/en613_control/install/local_setup.bash'
[0.551s] INFO:colcon.colcon_core.shell:Creating prefix chain script '/home/drew/repos/IntroRobotics/midterm/en613_control/install/setup.bash'
[0.552s] INFO:colcon.colcon_core.shell:Creating prefix script '/home/drew/repos/IntroRobotics/midterm/en613_control/install/local_setup.zsh'
[0.552s] INFO:colcon.colcon_core.shell:Creating prefix chain script '/home/drew/repos/IntroRobotics/midterm/en613_control/install/setup.zsh'
