[0.468s] Invoking command in '/home/drew/repos/IntroRobotics/hw/hw2/assignment2': PYTHONPATH=/home/drew/repos/IntroRobotics/hw/hw2/build/assignment2/prefix_override:/usr/lib/python3/dist-packages/colcon_core/task/python/colcon_distutils_commands:/home/drew/repos/IntroRobotics/hw/hw2/install/assignment2/lib/python3.10/site-packages:${PYTHONPATH} /usr/bin/python3 -W ignore:setup.py install is deprecated setup.py egg_info --egg-base ../build/assignment2 build --build-base /home/drew/repos/IntroRobotics/hw/hw2/build/assignment2/build install --record /home/drew/repos/IntroRobotics/hw/hw2/build/assignment2/install.log --install-scripts $base/lib/assignment2 --single-version-externally-managed install_data
[0.650s] /usr/lib/python3/dist-packages/setuptools/dist.py:723: UserWarning: Usage of dash-separated 'script-dir' will not be supported in future versions. Please use the underscore name 'script_dir' instead
[0.650s]   warnings.warn(
[0.655s] running egg_info
[0.656s] writing ../build/assignment2/assignment2.egg-info/PKG-INFO
[0.656s] writing dependency_links to ../build/assignment2/assignment2.egg-info/dependency_links.txt
[0.656s] writing entry points to ../build/assignment2/assignment2.egg-info/entry_points.txt
[0.656s] writing requirements to ../build/assignment2/assignment2.egg-info/requires.txt
[0.656s] writing top-level names to ../build/assignment2/assignment2.egg-info/top_level.txt
[0.657s] reading manifest file '../build/assignment2/assignment2.egg-info/SOURCES.txt'
[0.658s] writing manifest file '../build/assignment2/assignment2.egg-info/SOURCES.txt'
[0.658s] running build
[0.658s] running build_py
[0.658s] running install
[0.658s] running install_lib
[0.659s] running install_data
[0.659s] running install_egg_info
[0.660s] removing '/home/drew/repos/IntroRobotics/hw/hw2/install/assignment2/lib/python3.10/site-packages/assignment2-0.0.0-py3.10.egg-info' (and everything under it)
[0.661s] Copying ../build/assignment2/assignment2.egg-info to /home/drew/repos/IntroRobotics/hw/hw2/install/assignment2/lib/python3.10/site-packages/assignment2-0.0.0-py3.10.egg-info
[0.661s] running install_scripts
[0.674s] Installing coordinates script to /home/drew/repos/IntroRobotics/hw/hw2/install/assignment2/lib/assignment2
[0.674s] Installing dummy_object_detector script to /home/drew/repos/IntroRobotics/hw/hw2/install/assignment2/lib/assignment2
[0.674s] writing list of installed files to '/home/drew/repos/IntroRobotics/hw/hw2/build/assignment2/install.log'
[0.687s] Invoked command in '/home/drew/repos/IntroRobotics/hw/hw2/assignment2' returned '0': PYTHONPATH=/home/drew/repos/IntroRobotics/hw/hw2/build/assignment2/prefix_override:/usr/lib/python3/dist-packages/colcon_core/task/python/colcon_distutils_commands:/home/drew/repos/IntroRobotics/hw/hw2/install/assignment2/lib/python3.10/site-packages:${PYTHONPATH} /usr/bin/python3 -W ignore:setup.py install is deprecated setup.py egg_info --egg-base ../build/assignment2 build --build-base /home/drew/repos/IntroRobotics/hw/hw2/build/assignment2/build install --record /home/drew/repos/IntroRobotics/hw/hw2/build/assignment2/install.log --install-scripts $base/lib/assignment2 --single-version-externally-managed install_data
