[0.084s] DEBUG:colcon:Command line arguments: ['/usr/bin/colcon', 'build']
[0.084s] DEBUG:colcon:Parsed command line arguments: Namespace(log_base=None, log_level=None, verb_name='build', build_base='build', install_base='install', merge_install=False, symlink_install=False, test_result_base=None, continue_on_error=False, executor='parallel', parallel_workers=12, event_handlers=None, ignore_user_meta=False, metas=['./colcon.meta'], base_paths=['.'], packages_ignore=None, packages_ignore_regex=None, paths=None, packages_up_to=None, packages_up_to_regex=None, packages_above=None, packages_above_and_dependencies=None, packages_above_depth=None, packages_select_by_dep=None, packages_skip_by_dep=None, packages_skip_up_to=None, packages_select_build_failed=False, packages_skip_build_finished=False, packages_select_test_failures=False, packages_skip_test_passed=False, packages_select=None, packages_skip=None, packages_select_regex=None, packages_skip_regex=None, packages_start=None, packages_end=None, allow_overriding=[], cmake_args=None, cmake_target=None, cmake_target_skip_unavailable=False, cmake_clean_cache=False, cmake_clean_first=False, cmake_force_configure=False, ament_cmake_args=None, catkin_cmake_args=None, catkin_skip_building_tests=False, mixin_files=None, mixin=None, verb_parser=<colcon_mixin.mixin.mixin_argument.MixinArgumentDecorator object at 0x7b0c0307d5d0>, verb_extension=<colcon_core.verb.build.BuildVerb object at 0x7b0c0307d000>, main=<bound method BuildVerb.main of <colcon_core.verb.build.BuildVerb object at 0x7b0c0307d000>>, mixin_verb=('build',))
[0.231s] Level 1:colcon.colcon_core.package_discovery:discover_packages(colcon_meta) check parameters
[0.232s] Level 1:colcon.colcon_core.package_discovery:discover_packages(recursive) check parameters
[0.232s] Level 1:colcon.colcon_core.package_discovery:discover_packages(ignore) check parameters
[0.232s] Level 1:colcon.colcon_core.package_discovery:discover_packages(path) check parameters
[0.232s] Level 1:colcon.colcon_core.package_discovery:discover_packages(colcon_meta) discover
[0.232s] Level 1:colcon.colcon_core.package_discovery:discover_packages(recursive) discover
[0.232s] INFO:colcon.colcon_core.package_discovery:Crawling recursively for packages in '/home/drew/repos/IntroRobotics/midterm/en613_control'
[0.232s] Level 1:colcon.colcon_core.package_identification:_identify(.) by extensions ['ignore', 'ignore_ament_install']
[0.232s] Level 1:colcon.colcon_core.package_identification:_identify(.) by extension 'ignore'
[0.232s] Level 1:colcon.colcon_core.package_identification:_identify(.) by extension 'ignore_ament_install'
[0.232s] Level 1:colcon.colcon_core.package_identification:_identify(.) by extensions ['colcon_pkg']
[0.232s] Level 1:colcon.colcon_core.package_identification:_identify(.) by extension 'colcon_pkg'
[0.232s] Level 1:colcon.colcon_core.package_identification:_identify(.) by extensions ['colcon_meta']
[0.232s] Level 1:colcon.colcon_core.package_identification:_identify(.) by extension 'colcon_meta'
[0.232s] Level 1:colcon.colcon_core.package_identification:_identify(.) by extensions ['ros']
[0.232s] Level 1:colcon.colcon_core.package_identification:_identify(.) by extension 'ros'
[0.249s] DEBUG:colcon.colcon_core.package_identification:Package '.' with type 'ros.ament_python' and name 'en613_control'
[0.249s] Level 1:colcon.colcon_core.package_discovery:discover_packages(recursive) using defaults
[0.249s] Level 1:colcon.colcon_core.package_discovery:discover_packages(ignore) discover
[0.249s] Level 1:colcon.colcon_core.package_discovery:discover_packages(ignore) using defaults
[0.249s] Level 1:colcon.colcon_core.package_discovery:discover_packages(path) discover
[0.249s] Level 1:colcon.colcon_core.package_discovery:discover_packages(path) using defaults
[0.262s] Level 1:colcon.colcon_core.package_discovery:discover_packages(prefix_path) check parameters
[0.262s] Level 1:colcon.colcon_core.package_discovery:discover_packages(prefix_path) discover
[0.263s] DEBUG:colcon.colcon_installed_package_information.package_discovery:Found 1 installed packages in /home/drew/repos/IntroRobotics/midterm/en613_control/install
[0.264s] DEBUG:colcon.colcon_installed_package_information.package_discovery:Found 17 installed packages in /home/drew/workspace/catkin/turtlebot3_ws/install
[0.265s] DEBUG:colcon.colcon_installed_package_information.package_discovery:Found 308 installed packages in /opt/ros/humble
[0.266s] Level 1:colcon.colcon_core.package_discovery:discover_packages(prefix_path) using defaults
[0.296s] Level 5:colcon.colcon_core.verb:set package 'en613_control' build argument 'cmake_args' from command line to 'None'
[0.296s] Level 5:colcon.colcon_core.verb:set package 'en613_control' build argument 'cmake_target' from command line to 'None'
[0.296s] Level 5:colcon.colcon_core.verb:set package 'en613_control' build argument 'cmake_target_skip_unavailable' from command line to 'False'
[0.296s] Level 5:colcon.colcon_core.verb:set package 'en613_control' build argument 'cmake_clean_cache' from command line to 'False'
[0.296s] Level 5:colcon.colcon_core.verb:set package 'en613_control' build argument 'cmake_clean_first' from command line to 'False'
[0.296s] Level 5:colcon.colcon_core.verb:set package 'en613_control' build argument 'cmake_force_configure' from command line to 'False'
[0.296s] Level 5:colcon.colcon_core.verb:set package 'en613_control' build argument 'ament_cmake_args' from command line to 'None'
[0.296s] Level 5:colcon.colcon_core.verb:set package 'en613_control' build argument 'catkin_cmake_args' from command line to 'None'
[0.296s] Level 5:colcon.colcon_core.verb:set package 'en613_control' build argument 'catkin_skip_building_tests' from command line to 'False'
[0.296s] DEBUG:colcon.colcon_core.verb:Building package 'en613_control' with the following arguments: {'ament_cmake_args': None, 'build_base': '/home/drew/repos/IntroRobotics/midterm/en613_control/build/en613_control', 'catkin_cmake_args': None, 'catkin_skip_building_tests': False, 'cmake_args': None, 'cmake_clean_cache': False, 'cmake_clean_first': False, 'cmake_force_configure': False, 'cmake_target': None, 'cmake_target_skip_unavailable': False, 'install_base': '/home/drew/repos/IntroRobotics/midterm/en613_control/install/en613_control', 'merge_install': False, 'path': '/home/drew/repos/IntroRobotics/midterm/en613_control', 'symlink_install': False, 'test_result_base': None}
[0.296s] INFO:colcon.colcon_core.executor:Executing jobs using 'parallel' executor
[0.297s] DEBUG:colcon.colcon_parallel_executor.executor.parallel:run_until_complete
[0.297s] INFO:colcon.colcon_ros.task.ament_python.build:Building ROS package in '/home/drew/repos/IntroRobotics/midterm/en613_control' with build type 'ament_python'
[0.297s] Level 1:colcon.colcon_core.shell:create_environment_hook('en613_control', 'ament_prefix_path')
[0.298s] INFO:colcon.colcon_core.plugin_system:Skipping extension 'colcon_core.shell.bat': Not used on non-Windows systems
[0.299s] INFO:colcon.colcon_core.shell:Creating environment hook '/home/drew/repos/IntroRobotics/midterm/en613_control/install/en613_control/share/en613_control/hook/ament_prefix_path.ps1'
[0.299s] INFO:colcon.colcon_core.shell:Creating environment descriptor '/home/drew/repos/IntroRobotics/midterm/en613_control/install/en613_control/share/en613_control/hook/ament_prefix_path.dsv'
[0.299s] INFO:colcon.colcon_core.shell:Creating environment hook '/home/drew/repos/IntroRobotics/midterm/en613_control/install/en613_control/share/en613_control/hook/ament_prefix_path.sh'
[0.300s] INFO:colcon.colcon_core.shell:Skip shell extension 'powershell' for command environment: Not usable outside of PowerShell
[0.300s] DEBUG:colcon.colcon_core.shell:Skip shell extension 'dsv' for command environment
[0.516s] INFO:colcon.colcon_core.task.python.build:Building Python package in '/home/drew/repos/IntroRobotics/midterm/en613_control'
[0.517s] INFO:colcon.colcon_core.shell:Skip shell extension 'powershell' for command environment: Not usable outside of PowerShell
[0.517s] DEBUG:colcon.colcon_core.shell:Skip shell extension 'dsv' for command environment
[0.805s] DEBUG:colcon.colcon_core.event_handler.log_command:Invoking command in '/home/drew/repos/IntroRobotics/midterm/en613_control': PYTHONPATH=/home/drew/repos/IntroRobotics/midterm/en613_control/build/en613_control/prefix_override:/usr/lib/python3/dist-packages/colcon_core/task/python/colcon_distutils_commands:/home/drew/repos/IntroRobotics/midterm/en613_control/install/en613_control/lib/python3.10/site-packages:${PYTHONPATH} /usr/bin/python3 -W ignore:setup.py install is deprecated setup.py egg_info --egg-base build/en613_control build --build-base /home/drew/repos/IntroRobotics/midterm/en613_control/build/en613_control/build install --record /home/drew/repos/IntroRobotics/midterm/en613_control/build/en613_control/install.log --single-version-externally-managed install_data
[1.043s] DEBUG:colcon.colcon_core.event_handler.log_command:Invoked command in '/home/drew/repos/IntroRobotics/midterm/en613_control' returned '0': PYTHONPATH=/home/drew/repos/IntroRobotics/midterm/en613_control/build/en613_control/prefix_override:/usr/lib/python3/dist-packages/colcon_core/task/python/colcon_distutils_commands:/home/drew/repos/IntroRobotics/midterm/en613_control/install/en613_control/lib/python3.10/site-packages:${PYTHONPATH} /usr/bin/python3 -W ignore:setup.py install is deprecated setup.py egg_info --egg-base build/en613_control build --build-base /home/drew/repos/IntroRobotics/midterm/en613_control/build/en613_control/build install --record /home/drew/repos/IntroRobotics/midterm/en613_control/build/en613_control/install.log --single-version-externally-managed install_data
[1.045s] Level 1:colcon.colcon_core.environment:checking '/home/drew/repos/IntroRobotics/midterm/en613_control/install/en613_control' for CMake module files
[1.045s] Level 1:colcon.colcon_core.environment:checking '/home/drew/repos/IntroRobotics/midterm/en613_control/install/en613_control' for CMake config files
[1.046s] Level 1:colcon.colcon_core.environment:checking '/home/drew/repos/IntroRobotics/midterm/en613_control/install/en613_control/lib'
[1.046s] Level 1:colcon.colcon_core.environment:checking '/home/drew/repos/IntroRobotics/midterm/en613_control/install/en613_control/bin'
[1.046s] Level 1:colcon.colcon_core.environment:checking '/home/drew/repos/IntroRobotics/midterm/en613_control/install/en613_control/lib/pkgconfig/en613_control.pc'
[1.046s] Level 1:colcon.colcon_core.environment:checking '/home/drew/repos/IntroRobotics/midterm/en613_control/install/en613_control/lib/python3.10/site-packages'
[1.046s] Level 1:colcon.colcon_core.shell:create_environment_hook('en613_control', 'pythonpath')
[1.047s] INFO:colcon.colcon_core.shell:Creating environment hook '/home/drew/repos/IntroRobotics/midterm/en613_control/install/en613_control/share/en613_control/hook/pythonpath.ps1'
[1.047s] INFO:colcon.colcon_core.shell:Creating environment descriptor '/home/drew/repos/IntroRobotics/midterm/en613_control/install/en613_control/share/en613_control/hook/pythonpath.dsv'
[1.047s] INFO:colcon.colcon_core.shell:Creating environment hook '/home/drew/repos/IntroRobotics/midterm/en613_control/install/en613_control/share/en613_control/hook/pythonpath.sh'
[1.048s] Level 1:colcon.colcon_core.environment:checking '/home/drew/repos/IntroRobotics/midterm/en613_control/install/en613_control/bin'
[1.048s] Level 1:colcon.colcon_core.environment:create_environment_scripts_only(en613_control)
[1.048s] INFO:colcon.colcon_core.shell:Creating package script '/home/drew/repos/IntroRobotics/midterm/en613_control/install/en613_control/share/en613_control/package.ps1'
[1.049s] INFO:colcon.colcon_core.shell:Creating package descriptor '/home/drew/repos/IntroRobotics/midterm/en613_control/install/en613_control/share/en613_control/package.dsv'
[1.049s] INFO:colcon.colcon_core.shell:Creating package script '/home/drew/repos/IntroRobotics/midterm/en613_control/install/en613_control/share/en613_control/package.sh'
[1.050s] INFO:colcon.colcon_core.shell:Creating package script '/home/drew/repos/IntroRobotics/midterm/en613_control/install/en613_control/share/en613_control/package.bash'
[1.050s] INFO:colcon.colcon_core.shell:Creating package script '/home/drew/repos/IntroRobotics/midterm/en613_control/install/en613_control/share/en613_control/package.zsh'
[1.051s] Level 1:colcon.colcon_core.environment:create_file_with_runtime_dependencies(/home/drew/repos/IntroRobotics/midterm/en613_control/install/en613_control/share/colcon-core/packages/en613_control)
[1.051s] DEBUG:colcon.colcon_parallel_executor.executor.parallel:closing loop
[1.051s] DEBUG:colcon.colcon_parallel_executor.executor.parallel:loop closed
[1.051s] DEBUG:colcon.colcon_parallel_executor.executor.parallel:run_until_complete finished with '0'
[1.052s] DEBUG:colcon.colcon_core.event_reactor:joining thread
[1.058s] INFO:colcon.colcon_core.plugin_system:Skipping extension 'colcon_notification.desktop_notification.terminal_notifier': Not used on non-Darwin systems
[1.059s] INFO:colcon.colcon_core.plugin_system:Skipping extension 'colcon_notification.desktop_notification.win32': Not used on non-Windows systems
[1.059s] INFO:colcon.colcon_notification.desktop_notification:Sending desktop notification using 'notify2'
[1.067s] DEBUG:colcon.colcon_core.event_reactor:joined thread
[1.068s] INFO:colcon.colcon_core.shell:Creating prefix script '/home/drew/repos/IntroRobotics/midterm/en613_control/install/local_setup.ps1'
[1.068s] INFO:colcon.colcon_core.shell:Creating prefix util module '/home/drew/repos/IntroRobotics/midterm/en613_control/install/_local_setup_util_ps1.py'
[1.069s] INFO:colcon.colcon_core.shell:Creating prefix chain script '/home/drew/repos/IntroRobotics/midterm/en613_control/install/setup.ps1'
[1.071s] INFO:colcon.colcon_core.shell:Creating prefix script '/home/drew/repos/IntroRobotics/midterm/en613_control/install/local_setup.sh'
[1.071s] INFO:colcon.colcon_core.shell:Creating prefix util module '/home/drew/repos/IntroRobotics/midterm/en613_control/install/_local_setup_util_sh.py'
[1.072s] INFO:colcon.colcon_core.shell:Creating prefix chain script '/home/drew/repos/IntroRobotics/midterm/en613_control/install/setup.sh'
[1.073s] INFO:colcon.colcon_core.shell:Creating prefix script '/home/drew/repos/IntroRobotics/midterm/en613_control/install/local_setup.bash'
[1.074s] INFO:colcon.colcon_core.shell:Creating prefix chain script '/home/drew/repos/IntroRobotics/midterm/en613_control/install/setup.bash'
[1.075s] INFO:colcon.colcon_core.shell:Creating prefix script '/home/drew/repos/IntroRobotics/midterm/en613_control/install/local_setup.zsh'
[1.076s] INFO:colcon.colcon_core.shell:Creating prefix chain script '/home/drew/repos/IntroRobotics/midterm/en613_control/install/setup.zsh'
