running egg_info
creating build/en613_control/en613_control.egg-info
writing build/en613_control/en613_control.egg-info/PKG-INFO
writing dependency_links to build/en613_control/en613_control.egg-info/dependency_links.txt
writing entry points to build/en613_control/en613_control.egg-info/entry_points.txt
writing requirements to build/en613_control/en613_control.egg-info/requires.txt
writing top-level names to build/en613_control/en613_control.egg-info/top_level.txt
writing manifest file 'build/en613_control/en613_control.egg-info/SOURCES.txt'
reading manifest file 'build/en613_control/en613_control.egg-info/SOURCES.txt'
adding license file 'LICENSE'
writing manifest file 'build/en613_control/en613_control.egg-info/SOURCES.txt'
running build
running build_py
creating /home/drew/repos/IntroRobotics/midterm/en613_control/build/en613_control/build
creating /home/drew/repos/IntroRobotics/midterm/en613_control/build/en613_control/build/lib
creating /home/drew/repos/IntroRobotics/midterm/en613_control/build/en613_control/build/lib/en613_control
copying en613_control/__init__.py -> /home/drew/repos/IntroRobotics/midterm/en613_control/build/en613_control/build/lib/en613_control
running install
running install_lib
creating /home/drew/repos/IntroRobotics/midterm/en613_control/install/en613_control/lib/python3.10/site-packages/en613_control
copying /home/drew/repos/IntroRobotics/midterm/en613_control/build/en613_control/build/lib/en613_control/__init__.py -> /home/drew/repos/IntroRobotics/midterm/en613_control/install/en613_control/lib/python3.10/site-packages/en613_control
byte-compiling /home/drew/repos/IntroRobotics/midterm/en613_control/install/en613_control/lib/python3.10/site-packages/en613_control/__init__.py to __init__.cpython-310.pyc
running install_data
creating /home/drew/repos/IntroRobotics/midterm/en613_control/install/en613_control/share/ament_index
creating /home/drew/repos/IntroRobotics/midterm/en613_control/install/en613_control/share/ament_index/resource_index
creating /home/drew/repos/IntroRobotics/midterm/en613_control/install/en613_control/share/ament_index/resource_index/packages
copying resource/en613_control -> /home/drew/repos/IntroRobotics/midterm/en613_control/install/en613_control/share/ament_index/resource_index/packages
copying package.xml -> /home/drew/repos/IntroRobotics/midterm/en613_control/install/en613_control/share/en613_control
running install_egg_info
Copying build/en613_control/en613_control.egg-info to /home/drew/repos/IntroRobotics/midterm/en613_control/install/en613_control/lib/python3.10/site-packages/en613_control-0.0.0-py3.10.egg-info
running install_scripts
writing list of installed files to '/home/drew/repos/IntroRobotics/midterm/en613_control/build/en613_control/install.log'
