[0.485s] Invoking command in '/home/drew/repos/IntroRobotics/hw/hw2/assignment2': PYTHONPATH=/home/drew/repos/IntroRobotics/hw/hw2/build/assignment2/prefix_override:/usr/lib/python3/dist-packages/colcon_core/task/python/colcon_distutils_commands:/home/drew/repos/IntroRobotics/hw/hw2/install/assignment2/lib/python3.10/site-packages:${PYTHONPATH} /usr/bin/python3 -W ignore:setup.py install is deprecated setup.py egg_info --egg-base ../build/assignment2 build --build-base /home/drew/repos/IntroRobotics/hw/hw2/build/assignment2/build install --record /home/drew/repos/IntroRobotics/hw/hw2/build/assignment2/install.log --install-scripts $base/lib/assignment2 --single-version-externally-managed install_data
[0.676s] /usr/lib/python3/dist-packages/setuptools/dist.py:723: UserWarning: Usage of dash-separated 'script-dir' will not be supported in future versions. Please use the underscore name 'script_dir' instead
[0.676s]   warnings.warn(
[0.681s] running egg_info
[0.681s] writing ../build/assignment2/assignment2.egg-info/PKG-INFO
[0.682s] writing dependency_links to ../build/assignment2/assignment2.egg-info/dependency_links.txt
[0.682s] writing entry points to ../build/assignment2/assignment2.egg-info/entry_points.txt
[0.682s] writing requirements to ../build/assignment2/assignment2.egg-info/requires.txt
[0.682s] writing top-level names to ../build/assignment2/assignment2.egg-info/top_level.txt
[0.683s] reading manifest file '../build/assignment2/assignment2.egg-info/SOURCES.txt'
[0.683s] writing manifest file '../build/assignment2/assignment2.egg-info/SOURCES.txt'
[0.684s] running build
[0.684s] running build_py
[0.684s] running install
[0.684s] running install_lib
[0.685s] running install_data
[0.685s] running install_egg_info
[0.686s] removing '/home/drew/repos/IntroRobotics/hw/hw2/install/assignment2/lib/python3.10/site-packages/assignment2-0.0.0-py3.10.egg-info' (and everything under it)
[0.686s] Copying ../build/assignment2/assignment2.egg-info to /home/drew/repos/IntroRobotics/hw/hw2/install/assignment2/lib/python3.10/site-packages/assignment2-0.0.0-py3.10.egg-info
[0.687s] running install_scripts
[0.702s] Installing coordinates script to /home/drew/repos/IntroRobotics/hw/hw2/install/assignment2/lib/assignment2
[0.702s] Installing dummy_object_detector script to /home/drew/repos/IntroRobotics/hw/hw2/install/assignment2/lib/assignment2
[0.702s] writing list of installed files to '/home/drew/repos/IntroRobotics/hw/hw2/build/assignment2/install.log'
[0.717s] Invoked command in '/home/drew/repos/IntroRobotics/hw/hw2/assignment2' returned '0': PYTHONPATH=/home/drew/repos/IntroRobotics/hw/hw2/build/assignment2/prefix_override:/usr/lib/python3/dist-packages/colcon_core/task/python/colcon_distutils_commands:/home/drew/repos/IntroRobotics/hw/hw2/install/assignment2/lib/python3.10/site-packages:${PYTHONPATH} /usr/bin/python3 -W ignore:setup.py install is deprecated setup.py egg_info --egg-base ../build/assignment2 build --build-base /home/drew/repos/IntroRobotics/hw/hw2/build/assignment2/build install --record /home/drew/repos/IntroRobotics/hw/hw2/build/assignment2/install.log --install-scripts $base/lib/assignment2 --single-version-externally-managed install_data
